\BOOKMARK [1][-]{section.1}{\131\064\145\207\116\366}{}% 1
\BOOKMARK [1][-]{section.2}{\126\376\213\272}{}% 2
\BOOKMARK [2][-]{subsection.2.1}{\147\000\167\355\215\357}{section.2}% 3
\BOOKMARK [2][-]{subsection.2.2}{\147\000\134\017\165\037\142\020\150\021}{section.2}% 4
\BOOKMARK [2][-]{subsection.2.3}{\116\214\122\006\126\376}{section.2}% 5
\BOOKMARK [2][-]{subsection.2.4}{2-SAT}{section.2}% 6
\BOOKMARK [2][-]{subsection.2.5}{\122\162\160\271\116\016\137\072\217\336\220\032}{section.2}% 7
\BOOKMARK [2][-]{subsection.2.6}{\147\000\131\047\155\101}{section.2}% 8
\BOOKMARK [2][-]{subsection.2.7}{\147\000\134\017\215\071\165\(\147\000\131\047\155\101}{section.2}% 9
\BOOKMARK [2][-]{subsection.2.8}{\173\054k\167\355\215\357}{section.2}% 10
\BOOKMARK [2][-]{subsection.2.9}{\153\047\142\311\215\357\137\204}{section.2}% 11
\BOOKMARK [2][-]{subsection.2.10}{\153\041\134\017\165\037\142\020\150\021}{section.2}% 12
\BOOKMARK [1][-]{section.3}{\145\160\143\156\176\323\147\204}{}% 13
\BOOKMARK [2][-]{subsection.3.1}{\136\166\147\345\226\306}{section.3}% 14
\BOOKMARK [2][-]{subsection.3.2}{LCA}{section.3}% 15
\BOOKMARK [2][-]{subsection.3.3}{RMQ}{section.3}% 16
\BOOKMARK [2][-]{subsection.3.4}{\176\277\153\265\150\021}{section.3}% 17
\BOOKMARK [2][-]{subsection.3.5}{\150\021\162\266\145\160\176\304}{section.3}% 18
\BOOKMARK [2][-]{subsection.3.6}{\116\073\136\055\150\021}{section.3}% 19
\BOOKMARK [2][-]{subsection.3.7}{\150\021\224\376\122\126\122\006}{section.3}% 20
\BOOKMARK [2][-]{subsection.3.8}{LCT}{section.3}% 21
\BOOKMARK [2][-]{subsection.3.9}{Splay}{section.3}% 22
\BOOKMARK [2][-]{subsection.3.10}{\123\072\225\364\116\015\124\014\145\160}{section.3}% 23
\BOOKMARK [2][-]{subsection.3.11}{\167\351\137\142\227\142\171\357\136\166}{section.3}% 24
\BOOKMARK [2][-]{subsection.3.12}{\167\351\137\142\227\142\171\357\116\244}{section.3}% 25
\BOOKMARK [2][-]{subsection.3.13}{\167\351\137\142\124\150\225\177\136\166}{section.3}% 26
\BOOKMARK [1][-]{section.4}{\133\127\173\046\116\062}{}% 27
\BOOKMARK [2][-]{subsection.4.1}{\124\310\136\014}{section.4}% 28
\BOOKMARK [2][-]{subsection.4.2}{KMP}{section.4}% 29
\BOOKMARK [2][-]{subsection.4.3}{\142\151\134\125KMP}{section.4}% 30
\BOOKMARK [2][-]{subsection.4.4}{Manacher}{section.4}% 31
\BOOKMARK [2][-]{subsection.4.5}{01\133\127\121\170\150\021}{section.4}% 32
\BOOKMARK [2][-]{subsection.4.6}{ac\201\352\122\250\147\072}{section.4}% 33
\BOOKMARK [2][-]{subsection.4.7}{\124\016\177\000\145\160\176\304}{section.4}% 34
\BOOKMARK [2][-]{subsection.4.8}{\124\016\177\000\201\352\122\250\147\072}{section.4}% 35
\BOOKMARK [2][-]{subsection.4.9}{\126\336\145\207\201\352\122\250\147\072}{section.4}% 36
\BOOKMARK [1][-]{section.5}{\117\030\123\026\173\227\154\325}{}% 37
\BOOKMARK [2][-]{subsection.5.1}{\116\214\122\006}{section.5}% 38
\BOOKMARK [2][-]{subsection.5.2}{\145\160\117\115DP}{section.5}% 39
\BOOKMARK [2][-]{subsection.5.3}{\150\021\116\012\124\057\123\321\137\017\124\010\136\166}{section.5}% 40
\BOOKMARK [2][-]{subsection.5.4}{\203\253\226\037\173\227\154\325}{section.5}% 41
\BOOKMARK [2][-]{subsection.5.5}{\123\125\214\003\150\010\123\125\214\003\226\037\122\027\173\033\123\141\134\024\150\021}{section.5}% 42
\BOOKMARK [2][-]{subsection.5.6}{\147\000\225\177\116\012\123\107\133\120\136\217\122\027}{section.5}% 43
\BOOKMARK [1][-]{section.6}{\116\015\117\032\145\160\133\146}{}% 44
\BOOKMARK [2][-]{subsection.6.1}{\137\353\220\037\136\102\116\016\167\351\226\065\137\353\220\037\136\102}{section.6}% 45
\BOOKMARK [2][-]{subsection.6.2}{\153\047\121\340\221\314\137\227\116\016\220\006\121\103}{section.6}% 46
\BOOKMARK [2][-]{subsection.6.3}{\153\047\142\311\121\375\145\160}{section.6}% 47
\BOOKMARK [2][-]{subsection.6.4}{\175 \145\160\116\016\215\(\126\340\133\120}{section.6}% 48
\BOOKMARK [2][-]{subsection.6.5}{\176\304\124\010\145\160\133\146\116\016\133\271\145\245\123\237\164\006}{section.6}% 49
\BOOKMARK [2][-]{subsection.6.6}{\116\055\126\375\122\151\117\131\133\232\164\006}{section.6}% 50
\BOOKMARK [2][-]{subsection.6.7}{FFT}{section.6}% 51
\BOOKMARK [1][-]{section.7}{\213\241\173\227\121\340\117\125}{}% 52
\BOOKMARK [2][-]{subsection.7.1}{\160\271\116\016\166\364\176\277\166\204\173\200\123\125\133\232\116\111}{section.7}% 53
\BOOKMARK [2][-]{subsection.7.2}{\160\271\166\364\176\277\116\016\176\277\153\265\116\113\225\364\166\204\117\115\177\156\121\163\174\373}{section.7}% 54
\BOOKMARK [2][-]{subsection.7.3}{\131\032\217\271\137\142}{section.7}% 55
\BOOKMARK [2][-]{subsection.7.4}{\154\102\145\164\160\271\145\160}{section.7}% 56
\BOOKMARK [2][-]{subsection.7.5}{\154\102\127\006\166\204\131\026\137\303}{section.7}% 57
\BOOKMARK [2][-]{subsection.7.6}{\122\030\154\135\117\163\162\110\160\271\166\204\133\232\116\111}{section.7}% 58
\BOOKMARK [2][-]{subsection.7.7}{\122\030\154\135\117\163\162\110\131\032\217\271\137\142}{section.7}% 59
\BOOKMARK [2][-]{subsection.7.8}{\122\030\154\135\117\163\162\110\166\364\176\277\116\016\127\006}{section.7}% 60
\BOOKMARK [1][-]{section.8}{\124\004\171\315\144\315\117\134}{}% 61
\BOOKMARK [2][-]{subsection.8.1}{\116\214\217\333\122\066\117\115\144\315\117\134}{section.8}% 62
\BOOKMARK [2][-]{subsection.8.2}{bitset}{section.8}% 63
\BOOKMARK [2][-]{subsection.8.3}{nth\137element}{section.8}% 64
\BOOKMARK [2][-]{subsection.8.4}{Rope}{section.8}% 65
\BOOKMARK [2][-]{subsection.8.5}{pb\137ds}{section.8}% 66
\BOOKMARK [2][-]{subsection.8.6}{String And Char}{section.8}% 67
\BOOKMARK [2][-]{subsection.8.7}{String To Int}{section.8}% 68
\BOOKMARK [2][-]{subsection.8.8}{IO}{section.8}% 69
\BOOKMARK [2][-]{subsection.8.9}{Other Tips}{section.8}% 70
\BOOKMARK [1][-]{section.9}{Java}{}% 71
\BOOKMARK [2][-]{subsection.9.1}{\232\330\174\276\136\246}{section.9}% 72
\BOOKMARK [2][-]{subsection.9.2}{Java\217\223\121\145\217\223\121\372}{section.9}% 73
\BOOKMARK [2][-]{subsection.9.3}{Java\137\353\220\037\213\373\121\145}{section.9}% 74
